# JRE version: OpenJDK Runtime Environment (17.0.7) (build 17.0.7+0-b2043.56-10550314)
# Java VM: OpenJDK 64-Bit Server VM (17.0.7+0-b2043.56-10550314, mixed mode, tiered, compressed oops, compressed class ptrs, g1 gc, windows-amd64)
GC Precious Log:
 CPUs: 4 total, 4 available
 Memory: 12122M
 Large Page Support: Disabled
 NUMA Support: Disabled
 Compressed Oops: Enabled (32-bit)
 Heap Region Size: 1M
 Heap Min Capacity: 8M
 Heap Initial Capacity: 190M
 Heap Max Capacity: 2G
 Pre-touch: Disabled
 Parallel Workers: 4
 Concurrent Workers: 1
 Concurrent Refinement Workers: 4
 Periodic GC: Disabled
Heap:
 garbage-first heap   total 306176K, used 157549K [0x0000000080000000, 0x0000000100000000)
  region size 1024K, 3 young (3072K), 3 survivors (3072K)
 Metaspace       used 146705K, committed 148032K, reserved 1179648K
  class space    used 19596K, committed 20224K, reserved 1048576K
GC Heap History (20 events):
Event: 368.388 GC heap after
{Heap after GC invocations=64 (full 0):
 garbage-first heap   total 291840K, used 149366K [0x0000000080000000, 0x0000000100000000)
  region size 1024K, 2 young (2048K), 2 survivors (2048K)
 Metaspace       used 143624K, committed 144576K, reserved 1179648K
  class space    used 19394K, committed 19904K, reserved 1048576K
}
Event: 372.860 GC heap before
{Heap before GC invocations=64 (full 0):
 garbage-first heap   total 291840K, used 230262K [0x0000000080000000, 0x0000000100000000)
  region size 1024K, 83 young (84992K), 2 survivors (2048K)
 Metaspace       used 144248K, committed 145280K, reserved 1179648K
  class space    used 19406K, committed 19904K, reserved 1048576K
}
Event: 372.868 GC heap after
{Heap after GC invocations=65 (full 0):
 garbage-first heap   total 291840K, used 151901K [0x0000000080000000, 0x0000000100000000)
  region size 1024K, 4 young (4096K), 4 survivors (4096K)
 Metaspace       used 144248K, committed 145280K, reserved 1179648K
  class space    used 19406K, committed 19904K, reserved 1048576K
}
Event: 566.898 GC heap before
{Heap before GC invocations=66 (full 0):
 garbage-first heap   total 296960K, used 258397K [0x0000000080000000, 0x0000000100000000)
  region size 1024K, 90 young (92160K), 4 survivors (4096K)
 Metaspace       used 144610K, committed 145600K, reserved 1179648K
  class space    used 19424K, committed 19904K, reserved 1048576K
}
Event: 566.920 GC heap after
{Heap after GC invocations=67 (full 0):
 garbage-first heap   total 296960K, used 159354K [0x0000000080000000, 0x0000000100000000)
  region size 1024K, 12 young (12288K), 12 survivors (12288K)
 Metaspace       used 144610K, committed 145600K, reserved 1179648K
  class space    used 19424K, committed 19904K, reserved 1048576K
}
Event: 566.948 GC heap before
{Heap before GC invocations=67 (full 0):
 garbage-first heap   total 296960K, used 161402K [0x0000000080000000, 0x0000000100000000)
  region size 1024K, 14 young (14336K), 12 survivors (12288K)
 Metaspace       used 144618K, committed 145600K, reserved 1179648K
  class space    used 19425K, committed 19904K, reserved 1048576K
}
Event: 566.976 GC heap after
{Heap after GC invocations=68 (full 0):
 garbage-first heap   total 296960K, used 153276K [0x0000000080000000, 0x0000000100000000)
  region size 1024K, 2 young (2048K), 2 survivors (2048K)
 Metaspace       used 144618K, committed 145600K, reserved 1179648K
  class space    used 19425K, committed 19904K, reserved 1048576K
}
Event: 570.622 GC heap before
{Heap before GC invocations=68 (full 0):
 garbage-first heap   total 296960K, used 223932K [0x0000000080000000, 0x0000000100000000)
  region size 1024K, 73 young (74752K), 2 survivors (2048K)
 Metaspace       used 145130K, committed 146176K, reserved 1179648K
  class space    used 19441K, committed 19968K, reserved 1048576K
}
Event: 570.628 GC heap after
{Heap after GC invocations=69 (full 0):
 garbage-first heap   total 296960K, used 154821K [0x0000000080000000, 0x0000000100000000)
  region size 1024K, 3 young (3072K), 3 survivors (3072K)
 Metaspace       used 145130K, committed 146176K, reserved 1179648K
  class space    used 19441K, committed 19968K, reserved 1048576K
}
Event: 615.477 GC heap before
{Heap before GC invocations=70 (full 0):
 garbage-first heap   total 301056K, used 261317K [0x0000000080000000, 0x0000000100000000)
  region size 1024K, 90 young (92160K), 3 survivors (3072K)
 Metaspace       used 145506K, committed 146688K, reserved 1179648K
  class space    used 19470K, committed 20032K, reserved 1048576K
}
Event: 615.506 GC heap after
{Heap after GC invocations=71 (full 0):
 garbage-first heap   total 301056K, used 163013K [0x0000000080000000, 0x0000000100000000)
  region size 1024K, 12 young (12288K), 12 survivors (12288K)
 Metaspace       used 145506K, committed 146688K, reserved 1179648K
  class space    used 19470K, committed 20032K, reserved 1048576K
}
Event: 615.521 GC heap before
{Heap before GC invocations=71 (full 0):
 garbage-first heap   total 301056K, used 165061K [0x0000000080000000, 0x0000000100000000)
  region size 1024K, 14 young (14336K), 12 survivors (12288K)
 Metaspace       used 145516K, committed 146688K, reserved 1179648K
  class space    used 19470K, committed 20032K, reserved 1048576K
}
Event: 615.553 GC heap after
{Heap after GC invocations=72 (full 0):
 garbage-first heap   total 301056K, used 154394K [0x0000000080000000, 0x0000000100000000)
  region size 1024K, 1 young (1024K), 1 survivors (1024K)
 Metaspace       used 145516K, committed 146688K, reserved 1179648K
  class space    used 19470K, committed 20032K, reserved 1048576K
}
Event: 618.824 GC heap before
{Heap before GC invocations=72 (full 0):
 garbage-first heap   total 301056K, used 220954K [0x0000000080000000, 0x0000000100000000)
  region size 1024K, 68 young (69632K), 1 survivors (1024K)
 Metaspace       used 146271K, committed 147520K, reserved 1179648K
  class space    used 19591K, committed 20224K, reserved 1048576K
}
Event: 618.831 GC heap after
{Heap after GC invocations=73 (full 0):
 garbage-first heap   total 301056K, used 156389K [0x0000000080000000, 0x0000000100000000)
  region size 1024K, 3 young (3072K), 3 survivors (3072K)
 Metaspace       used 146271K, committed 147520K, reserved 1179648K
  class space    used 19591K, committed 20224K, reserved 1048576K
}
Event: 869.622 GC heap before
{Heap before GC invocations=74 (full 0):
 garbage-first heap   total 306176K, used 264933K [0x0000000080000000, 0x0000000100000000)
  region size 1024K, 91 young (93184K), 3 survivors (3072K)
 Metaspace       used 146535K, committed 147840K, reserved 1179648K
  class space    used 19594K, committed 20224K, reserved 1048576K
}
Event: 869.655 GC heap after
{Heap after GC invocations=75 (full 0):
 garbage-first heap   total 306176K, used 165469K [0x0000000080000000, 0x0000000100000000)
  region size 1024K, 12 young (12288K), 12 survivors (12288K)
 Metaspace       used 146535K, committed 147840K, reserved 1179648K
  class space    used 19594K, committed 20224K, reserved 1048576K
}
Event: 869.675 GC heap before
{Heap before GC invocations=75 (full 0):
 garbage-first heap   total 306176K, used 167517K [0x0000000080000000, 0x0000000100000000)
  region size 1024K, 14 young (14336K), 12 survivors (12288K)
 Metaspace       used 146538K, committed 147840K, reserved 1179648K
  class space    used 19594K, committed 20224K, reserved 1048576K
}
Event: 869.715 GC heap after
{Heap after GC invocations=76 (full 0):
 garbage-first heap   total 306176K, used 156601K [0x0000000080000000, 0x0000000100000000)
  region size 1024K, 2 young (2048K), 2 survivors (2048K)
 Metaspace       used 146538K, committed 147840K, reserved 1179648K
  class space    used 19594K, committed 20224K, reserved 1048576K
}
Event: 875.611 GC heap before
{Heap before GC invocations=76 (full 0):
 garbage-first heap   total 306176K, used 212921K [0x0000000080000000, 0x0000000100000000)
  region size 1024K, 59 young (60416K), 2 survivors (2048K)
 Metaspace       used 146705K, committed 148032K, reserved 1179648K
  class space    used 19596K, committed 20224K, reserved 1048576K
}

