# JRE version: OpenJDK Runtime Environment (17.0.7) (build 17.0.7+0-b2043.56-10550314)
# Java VM: OpenJDK 64-Bit Server VM (17.0.7+0-b2043.56-10550314, mixed mode, tiered, compressed oops, compressed class ptrs, g1 gc, windows-amd64)
GC Precious Log:
 CPUs: 4 total, 4 available
 Memory: 12122M
 Large Page Support: Disabled
 NUMA Support: Disabled
 Compressed Oops: Enabled (Zero based)
 Heap Region Size: 2M
 Heap Min Capacity: 8M
 Heap Initial Capacity: 190M
 Heap Max Capacity: 3032M
 Pre-touch: Disabled
 Parallel Workers: 4
 Concurrent Workers: 1
 Concurrent Refinement Workers: 4
 Periodic GC: Disabled
Heap:
 garbage-first heap   total 90112K, used 51614K [0x0000000742800000, 0x0000000800000000)
  region size 2048K, 2 young (4096K), 2 survivors (4096K)
 Metaspace       used 64791K, committed 65024K, reserved 1114112K
  class space    used 7576K, committed 7680K, reserved 1048576K
GC Heap History (20 events):
Event: 3.924 GC heap after
{Heap after GC invocations=11 (full 0):
 garbage-first heap   total 61440K, used 25743K [0x0000000742800000, 0x0000000800000000)
  region size 2048K, 1 young (2048K), 1 survivors (2048K)
 Metaspace       used 45541K, committed 45760K, reserved 1114112K
  class space    used 5607K, committed 5696K, reserved 1048576K
}
Event: 4.256 GC heap before
{Heap before GC invocations=11 (full 0):
 garbage-first heap   total 61440K, used 46223K [0x0000000742800000, 0x0000000800000000)
  region size 2048K, 11 young (22528K), 1 survivors (2048K)
 Metaspace       used 46683K, committed 46912K, reserved 1114112K
  class space    used 5703K, committed 5760K, reserved 1048576K
}
Event: 4.263 GC heap after
{Heap after GC invocations=12 (full 0):
 garbage-first heap   total 61440K, used 29006K [0x0000000742800000, 0x0000000800000000)
  region size 2048K, 2 young (4096K), 2 survivors (4096K)
 Metaspace       used 46683K, committed 46912K, reserved 1114112K
  class space    used 5703K, committed 5760K, reserved 1048576K
}
Event: 4.373 GC heap before
{Heap before GC invocations=12 (full 0):
 garbage-first heap   total 61440K, used 43342K [0x0000000742800000, 0x0000000800000000)
  region size 2048K, 10 young (20480K), 2 survivors (4096K)
 Metaspace       used 46769K, committed 46912K, reserved 1114112K
  class space    used 5703K, committed 5760K, reserved 1048576K
}
Event: 4.383 GC heap after
{Heap after GC invocations=13 (full 0):
 garbage-first heap   total 61440K, used 32532K [0x0000000742800000, 0x0000000800000000)
  region size 2048K, 2 young (4096K), 2 survivors (4096K)
 Metaspace       used 46769K, committed 46912K, reserved 1114112K
  class space    used 5703K, committed 5760K, reserved 1048576K
}
Event: 4.426 GC heap before
{Heap before GC invocations=13 (full 0):
 garbage-first heap   total 61440K, used 44820K [0x0000000742800000, 0x0000000800000000)
  region size 2048K, 8 young (16384K), 2 survivors (4096K)
 Metaspace       used 46797K, committed 46976K, reserved 1114112K
  class space    used 5703K, committed 5760K, reserved 1048576K
}
Event: 4.430 GC heap after
{Heap after GC invocations=14 (full 0):
 garbage-first heap   total 79872K, used 32007K [0x0000000742800000, 0x0000000800000000)
  region size 2048K, 1 young (2048K), 1 survivors (2048K)
 Metaspace       used 46797K, committed 46976K, reserved 1114112K
  class space    used 5703K, committed 5760K, reserved 1048576K
}
Event: 5.007 GC heap before
{Heap before GC invocations=15 (full 0):
 garbage-first heap   total 79872K, used 60679K [0x0000000742800000, 0x0000000800000000)
  region size 2048K, 15 young (30720K), 1 survivors (2048K)
 Metaspace       used 49316K, committed 49600K, reserved 1114112K
  class space    used 5976K, committed 6144K, reserved 1048576K
}
Event: 5.016 GC heap after
{Heap after GC invocations=16 (full 0):
 garbage-first heap   total 79872K, used 34988K [0x0000000742800000, 0x0000000800000000)
  region size 2048K, 2 young (4096K), 2 survivors (4096K)
 Metaspace       used 49316K, committed 49600K, reserved 1114112K
  class space    used 5976K, committed 6144K, reserved 1048576K
}
Event: 5.616 GC heap before
{Heap before GC invocations=16 (full 0):
 garbage-first heap   total 79872K, used 59564K [0x0000000742800000, 0x0000000800000000)
  region size 2048K, 14 young (28672K), 2 survivors (4096K)
 Metaspace       used 51788K, committed 52032K, reserved 1114112K
  class space    used 6273K, committed 6400K, reserved 1048576K
}
Event: 5.628 GC heap after
{Heap after GC invocations=17 (full 0):
 garbage-first heap   total 79872K, used 39818K [0x0000000742800000, 0x0000000800000000)
  region size 2048K, 2 young (4096K), 2 survivors (4096K)
 Metaspace       used 51788K, committed 52032K, reserved 1114112K
  class space    used 6273K, committed 6400K, reserved 1048576K
}
Event: 6.368 GC heap before
{Heap before GC invocations=17 (full 0):
 garbage-first heap   total 79872K, used 60298K [0x0000000742800000, 0x0000000800000000)
  region size 2048K, 12 young (24576K), 2 survivors (4096K)
 Metaspace       used 52963K, committed 53248K, reserved 1114112K
  class space    used 6319K, committed 6464K, reserved 1048576K
}
Event: 6.385 GC heap after
{Heap after GC invocations=18 (full 0):
 garbage-first heap   total 79872K, used 44060K [0x0000000742800000, 0x0000000800000000)
  region size 2048K, 2 young (4096K), 2 survivors (4096K)
 Metaspace       used 52963K, committed 53248K, reserved 1114112K
  class space    used 6319K, committed 6464K, reserved 1048576K
}
Event: 7.146 GC heap before
{Heap before GC invocations=19 (full 0):
 garbage-first heap   total 79872K, used 60444K [0x0000000742800000, 0x0000000800000000)
  region size 2048K, 10 young (20480K), 2 survivors (4096K)
 Metaspace       used 55240K, committed 55488K, reserved 1114112K
  class space    used 6588K, committed 6720K, reserved 1048576K
}
Event: 7.161 GC heap after
{Heap after GC invocations=20 (full 0):
 garbage-first heap   total 79872K, used 46062K [0x0000000742800000, 0x0000000800000000)
  region size 2048K, 1 young (2048K), 1 survivors (2048K)
 Metaspace       used 55240K, committed 55488K, reserved 1114112K
  class space    used 6588K, committed 6720K, reserved 1048576K
}
Event: 7.441 GC heap before
{Heap before GC invocations=20 (full 0):
 garbage-first heap   total 79872K, used 60398K [0x0000000742800000, 0x0000000800000000)
  region size 2048K, 9 young (18432K), 1 survivors (2048K)
 Metaspace       used 57653K, committed 57856K, reserved 1114112K
  class space    used 6868K, committed 6976K, reserved 1048576K
}
Event: 7.459 GC heap after
{Heap after GC invocations=21 (full 0):
 garbage-first heap   total 79872K, used 48477K [0x0000000742800000, 0x0000000800000000)
  region size 2048K, 2 young (4096K), 2 survivors (4096K)
 Metaspace       used 57653K, committed 57856K, reserved 1114112K
  class space    used 6868K, committed 6976K, reserved 1048576K
}
Event: 7.801 GC heap before
{Heap before GC invocations=22 (full 0):
 garbage-first heap   total 90112K, used 60765K [0x0000000742800000, 0x0000000800000000)
  region size 2048K, 9 young (18432K), 2 survivors (4096K)
 Metaspace       used 59927K, committed 60160K, reserved 1114112K
  class space    used 7062K, committed 7168K, reserved 1048576K
}
Event: 7.814 GC heap after
{Heap after GC invocations=23 (full 0):
 garbage-first heap   total 90112K, used 50457K [0x0000000742800000, 0x0000000800000000)
  region size 2048K, 1 young (2048K), 1 survivors (2048K)
 Metaspace       used 59927K, committed 60160K, reserved 1114112K
  class space    used 7062K, committed 7168K, reserved 1048576K
}
Event: 8.253 GC heap before
{Heap before GC invocations=23 (full 0):
 garbage-first heap   total 90112K, used 70937K [0x0000000742800000, 0x0000000800000000)
  region size 2048K, 11 young (22528K), 1 survivors (2048K)
 Metaspace       used 64791K, committed 65024K, reserved 1114112K
  class space    used 7576K, committed 7680K, reserved 1048576K
}

